304  [main] INFO  com.redhat.consulting.fuse.Application - Starting Application on localhost.localdomain with PID 28722 (/home/rosantos/workspace/codeready/fuse-soap-demo/target/classes started by rosantos in /home/rosantos/workspace/codeready/fuse-soap-demo)
306  [main] INFO  com.redhat.consulting.fuse.Application - No active profile set, falling back to default profiles: default
344  [main] INFO  o.s.b.c.e.AnnotationConfigEmbeddedWebApplicationContext - Refreshing org.springframework.boot.context.embedded.AnnotationConfigEmbeddedWebApplicationContext@7f65d084: startup date [Fri Jul 16 11:04:11 GFT 2021]; root of context hierarchy
455  [background-preinit] INFO  o.h.validator.internal.util.Version - HV000001: Hibernate Validator 5.3.5.Final-redhat-2
715  [main] INFO  o.s.b.f.xml.XmlBeanDefinitionReader - Loading XML bean definitions from class path resource [spring/camelContext.xml]
1882 [main] INFO  o.s.c.s.PostProcessorRegistrationDelegate$BeanPostProcessorChecker - Bean 'org.apache.camel.spring.boot.CamelAutoConfiguration' of type [org.apache.camel.spring.boot.CamelAutoConfiguration$$EnhancerBySpringCGLIB$$21acce41] is not eligible for getting processed by all BeanPostProcessors (for example: not eligible for auto-proxying)
2072 [main] WARN  io.undertow.websockets.jsr - UT026010: Buffer pool was not set on WebSocketDeploymentInfo, the default pool will be used
2088 [main] INFO  io.undertow.servlet - Initializing Spring embedded WebApplicationContext
2088 [main] INFO  o.s.web.context.ContextLoader - Root WebApplicationContext: initialization completed in 1747 ms
2229 [main] INFO  o.s.b.w.servlet.ServletRegistrationBean - Mapping servlet: 'dispatcherServlet' to [/]
2232 [main] INFO  o.s.b.w.servlet.ServletRegistrationBean - Mapping servlet: 'CamelServlet' to [/camel/*]
2234 [main] INFO  o.s.b.web.servlet.FilterRegistrationBean - Mapping filter: 'characterEncodingFilter' to: [/*]
2234 [main] INFO  o.s.b.web.servlet.FilterRegistrationBean - Mapping filter: 'hiddenHttpMethodFilter' to: [/*]
2235 [main] INFO  o.s.b.web.servlet.FilterRegistrationBean - Mapping filter: 'httpPutFormContentFilter' to: [/*]
2235 [main] INFO  o.s.b.web.servlet.FilterRegistrationBean - Mapping filter: 'requestContextFilter' to: [/*]
2682 [main] INFO  o.s.w.s.m.m.a.RequestMappingHandlerAdapter - Looking for @ControllerAdvice: org.springframework.boot.context.embedded.AnnotationConfigEmbeddedWebApplicationContext@7f65d084: startup date [Fri Jul 16 11:04:11 GFT 2021]; root of context hierarchy
2760 [main] INFO  o.s.w.s.m.m.a.RequestMappingHandlerMapping - Mapped "{[/error],produces=[text/html]}" onto public org.springframework.web.servlet.ModelAndView org.springframework.boot.autoconfigure.web.BasicErrorController.errorHtml(javax.servlet.http.HttpServletRequest,javax.servlet.http.HttpServletResponse)
2761 [main] INFO  o.s.w.s.m.m.a.RequestMappingHandlerMapping - Mapped "{[/error]}" onto public org.springframework.http.ResponseEntity<java.util.Map<java.lang.String, java.lang.Object>> org.springframework.boot.autoconfigure.web.BasicErrorController.error(javax.servlet.http.HttpServletRequest)
2819 [main] INFO  o.s.w.s.handler.SimpleUrlHandlerMapping - Mapped URL path [/webjars/**] onto handler of type [class org.springframework.web.servlet.resource.ResourceHttpRequestHandler]
2820 [main] INFO  o.s.w.s.handler.SimpleUrlHandlerMapping - Mapped URL path [/**] onto handler of type [class org.springframework.web.servlet.resource.ResourceHttpRequestHandler]
2853 [main] INFO  o.s.w.s.handler.SimpleUrlHandlerMapping - Mapped URL path [/**/favicon.ico] onto handler of type [class org.springframework.web.servlet.resource.ResourceHttpRequestHandler]
2928 [main] INFO  o.a.c.i.converter.DefaultTypeConverter - Type converters loaded (core: 194, classpath: 22)
3481 [main] INFO  o.s.j.e.a.AnnotationMBeanExporter - Registering beans for JMX exposure on startup
3499 [main] INFO  o.a.camel.spring.boot.RoutesCollector - Loading additional Camel XML routes from: classpath:camel/*.xml
3499 [main] INFO  o.a.camel.spring.boot.RoutesCollector - Loading additional Camel XML rests from: classpath:camel-rest/*.xml
3500 [main] INFO  o.apache.camel.spring.SpringCamelContext - Apache Camel 2.21.0.fuse-760027-redhat-00001 (CamelContext: camelContext-fc39e765-59d9-46d8-8de7-0ee1a958c6e7) is starting
3501 [main] INFO  o.a.c.m.ManagedManagementStrategy - JMX is enabled
3628 [main] INFO  o.apache.camel.spring.SpringCamelContext - StreamCaching is not in use. If using streams then its recommended to enable stream caching. See more details at http://camel.apache.org/stream-caching.html
3649 [main] INFO  o.apache.camel.spring.SpringCamelContext - Route: capitalCitySoapEndpoint started and consuming from: timer://foo?fixedRate=true&period=5000
3650 [main] INFO  o.apache.camel.spring.SpringCamelContext - Total 1 routes, of which 1 are started
3651 [main] INFO  o.apache.camel.spring.SpringCamelContext - Apache Camel 2.21.0.fuse-760027-redhat-00001 (CamelContext: camelContext-fc39e765-59d9-46d8-8de7-0ee1a958c6e7) started in 0.150 seconds
3657 [main] INFO  o.a.c.c.s.CamelHttpTransportServlet - Initialized CamelHttpTransportServlet[name=CamelServlet, contextPath=]
3662 [main] INFO  org.xnio - XNIO version 3.3.8.Final
3670 [main] INFO  org.xnio.nio - XNIO NIO Implementation Version 3.3.8.Final
3716 [main] INFO  o.s.b.c.e.u.UndertowEmbeddedServletContainer - Undertow started on port(s) 8080 (http)
3720 [main] INFO  com.redhat.consulting.fuse.Application - Started Application in 3.605 seconds (JVM running for 7.781)
4886 [Camel (camelContext-fc39e765-59d9-46d8-8de7-0ee1a958c6e7) thread #1 - timer://foo] INFO  o.a.c.w.s.f.ReflectionServiceFactoryBean - Creating Service {http://www.oorsprong.org/websamples.countryinfo}CountryInfoService from WSDL: file:/home/rosantos/workspace/codeready/fuse-soap-demo/src/main/resources/wsdl/country.wsdl
9651 [Camel (camelContext-fc39e765-59d9-46d8-8de7-0ee1a958c6e7) thread #1 - timer://foo] INFO  o.a.c.w.s.f.ReflectionServiceFactoryBean - Creating Service {http://www.oorsprong.org/websamples.countryinfo}CountryInfoService from WSDL: file:/home/rosantos/workspace/codeready/fuse-soap-demo/src/main/resources/wsdl/country.wsdl
14652 [Camel (camelContext-fc39e765-59d9-46d8-8de7-0ee1a958c6e7) thread #1 - timer://foo] INFO  o.a.c.w.s.f.ReflectionServiceFactoryBean - Creating Service {http://www.oorsprong.org/websamples.countryinfo}CountryInfoService from WSDL: file:/home/rosantos/workspace/codeready/fuse-soap-demo/src/main/resources/wsdl/country.wsdl
19652 [Camel (camelContext-fc39e765-59d9-46d8-8de7-0ee1a958c6e7) thread #1 - timer://foo] INFO  o.a.c.w.s.f.ReflectionServiceFactoryBean - Creating Service {http://www.oorsprong.org/websamples.countryinfo}CountryInfoService from WSDL: file:/home/rosantos/workspace/codeready/fuse-soap-demo/src/main/resources/wsdl/country.wsdl
24652 [Camel (camelContext-fc39e765-59d9-46d8-8de7-0ee1a958c6e7) thread #1 - timer://foo] INFO  o.a.c.w.s.f.ReflectionServiceFactoryBean - Creating Service {http://www.oorsprong.org/websamples.countryinfo}CountryInfoService from WSDL: file:/home/rosantos/workspace/codeready/fuse-soap-demo/src/main/resources/wsdl/country.wsdl
29651 [Camel (camelContext-fc39e765-59d9-46d8-8de7-0ee1a958c6e7) thread #1 - timer://foo] INFO  o.a.c.w.s.f.ReflectionServiceFactoryBean - Creating Service {http://www.oorsprong.org/websamples.countryinfo}CountryInfoService from WSDL: file:/home/rosantos/workspace/codeready/fuse-soap-demo/src/main/resources/wsdl/country.wsdl
31740 [Thread-4] INFO  o.s.b.c.e.AnnotationConfigEmbeddedWebApplicationContext - Closing org.springframework.boot.context.embedded.AnnotationConfigEmbeddedWebApplicationContext@7f65d084: startup date [Fri Jul 16 11:04:11 GFT 2021]; root of context hierarchy
31744 [Thread-4] INFO  o.s.c.support.DefaultLifecycleProcessor - Stopping beans in phase 2147483646
31745 [Thread-4] INFO  o.apache.camel.spring.SpringCamelContext - Apache Camel 2.21.0.fuse-760027-redhat-00001 (CamelContext: camelContext-fc39e765-59d9-46d8-8de7-0ee1a958c6e7) is shutting down
31745 [Thread-4] INFO  o.a.camel.impl.DefaultShutdownStrategy - Starting to graceful shutdown 1 routes (timeout 300 seconds)
31753 [Camel (camelContext-fc39e765-59d9-46d8-8de7-0ee1a958c6e7) thread #2 - ShutdownTask] INFO  o.a.camel.impl.DefaultShutdownStrategy - Route: capitalCitySoapEndpoint shutdown complete, was consuming from: timer://foo?fixedRate=true&period=5000
31753 [Thread-4] INFO  o.a.camel.impl.DefaultShutdownStrategy - Graceful shutdown of 1 routes completed in 0 seconds
31777 [Thread-4] INFO  o.apache.camel.spring.SpringCamelContext - Apache Camel 2.21.0.fuse-760027-redhat-00001 (CamelContext: camelContext-fc39e765-59d9-46d8-8de7-0ee1a958c6e7) uptime 28.277 seconds
31777 [Thread-4] INFO  o.apache.camel.spring.SpringCamelContext - Apache Camel 2.21.0.fuse-760027-redhat-00001 (CamelContext: camelContext-fc39e765-59d9-46d8-8de7-0ee1a958c6e7) is shutdown in 0.032 seconds
31778 [Thread-4] INFO  o.s.j.e.a.AnnotationMBeanExporter - Unregistering JMX-exposed beans on shutdown
31783 [Thread-4] INFO  o.a.c.c.s.CamelHttpTransportServlet - Destroyed CamelHttpTransportServlet[CamelServlet]
